============================================================
  Generated by:           Genus(TM) Synthesis Solution 21.14-s082_1
  Generated on:           Nov 05 2025  04:23:58 pm
  Module:                 top
  Technology libraries:   gpdk045bc 
                          physical_cells 
  Operating conditions:   slow 
  Interconnect mode:      global
  Area mode:              physical library
============================================================

                              
   Gate    Instances   Area      Library   
-------------------------------------------
AND2X6             1    3.762    gpdk045bc 
AO22XL             1    2.736    gpdk045bc 
AOI21XL            1    1.710    gpdk045bc 
AOI2BB1X1          1    2.052    gpdk045bc 
DFFQX2             2   12.996    gpdk045bc 
DFFQXL             9   49.248    gpdk045bc 
DFFX2              2   16.416    gpdk045bc 
INVX1              1    0.693    gpdk045bc 
MXI2XL             8   19.152    gpdk045bc 
NAND2X1            1    1.043    gpdk045bc 
NAND3X1            1    1.710    gpdk045bc 
NAND3X2            1    2.736    gpdk045bc 
NOR2BX1            2    3.420    gpdk045bc 
NOR2X1             1    1.368    gpdk045bc 
NOR2X2             2    4.104    gpdk045bc 
NOR2XL             9    9.234    gpdk045bc 
NOR3XL             1    1.710    gpdk045bc 
NOR4X1             1    2.394    gpdk045bc 
OAI2BB1X1          2    4.104    gpdk045bc 
XNOR2X1            1    3.078    gpdk045bc 
-------------------------------------------
total             48  143.666              


                                        
     Type      Instances   Area  Area % 
----------------------------------------
sequential            13  78.660   54.8 
inverter               1   0.693    0.5 
logic                 34  64.313   44.8 
physical_cells         0   0.000    0.0 
----------------------------------------
total                 48 143.666  100.0 

