Unable to capture context for thread 11140 in process 5388, can not generate back trace
Exception at PC 0x00007FFA7BED1B39
Unable to capture context for thread 12168 in process 5388, can not generate back trace
Unable to capture context for thread 12168 in process 5388, can not generate back trace
Exception at PC 0x00007FF9F512BB93
Printing stacktrace...

Exception at PC 0x00007FFA7BED1B39
Exception at PC 0x00007FFA7BED1B39
Exception at PC 0x00007FFA7BED1B39
Exception at PC 0x00007FFA7BED1B39
Exception at PC 0x00007FFA7BED1B39
Exception at PC 0x00007FFA7BED1B39
Exception at PC 0x00007FFA7BED1B39
Exception at PC 0x00007FFA7BED1B39
Exception at PC 0x00007FFA7BED1B39
Exception at PC 0x00007FFA7BED1B39
Exception at PC 0x00007FFA7BED1B39
Exception at PC 0x00007FFA7BED1B39
Exception at PC 0x00007FFA7BED1B39
Exception at PC 0x00007FFA7BED1B39
Exception at PC 0x00007FFA7BED1B39
Exception at PC 0x00007FFA7BED1B39
Exception at PC 0x00007FFA7BED1B39
[0]  [0x00007FF9F512BB93]
[1]  [0x00007FF9F512BB93]
[2]  [0x00007FF9F512B4A1]
[3]  [0x00007FF9F512B3EF]
[4]  [0x00007FF9F51119FE]
[5]  [0x00007FF9F5110ED1]
[6]  [0x00007FF9F5110D76]
[7]  [0x00007FF9F50B79F6]
[8]  [0x00007FF9F50A7AFB]
[9]  [0x00007FF9F51CE90A]
[10]  [0x00007FF9F51E9F87]
[11]  [0x00007FF9F51EA05F]
[12] (BaseThreadInitThunk+0x14) [0x00007FFA7CF47AC4]
[13] (RtlUserThreadStart+0x21) [0x00007FFA7EFFA8C1]
Done
