Cadence Genus(TM) Synthesis Solution.
Copyright 2022 Cadence Design Systems, Inc. All rights reserved worldwide.
Cadence and the Cadence logo are registered trademarks and Genus is a trademark
of Cadence Design Systems, Inc. in the United States and other countries.

[12:43:57.395697] Configured Lic search path (21.01-s002): 5280@CadenceServer

Version: 21.14-s082_1, built Thu Jun 23 02:02:08 PDT 2022
Options: -files run.tcl 
Date:    Wed Nov 05 12:43:57 2025
Host:    cad21 (x86_64 w/Linux 4.18.0-425.3.1.el8.x86_64) (20cores*28cpus*1physical cpu*Intel(R) Core(TM) i7-14700 33792KB) (32363712KB)
PID:     10369
OS:      Red Hat Enterprise Linux release 8.7 (Ootpa)


[12:43:57.454898] Periodic Lic check successful
[12:43:57.454905] Feature usage summary:
[12:43:57.454906] Genus_Synthesis
Checking out license: Genus_Synthesis


***********************************************************************************************************
***********************************************************************************************************



Loading tool scripts...
Finished loading tool scripts (3 seconds elapsed).

#@ Processing -files option
@genus 1> source run.tcl
#@ Begin verbose source ./run.tcl
@file(run.tcl) 1: set_db init_lib_search_path /home/install/FOUNDRY/digital/45nm/LIBS/lib/max
  Setting attribute of root '/': 'init_lib_search_path' = /home/install/FOUNDRY/digital/45nm/LIBS/lib/max
@file(run.tcl) 2: set_db lef_library /home/install/FOUNDRY/digital/45nm/LIBS/lef/gsclib045.fixed.lef

  According to lef_library, there are total 9 routing layers [ V(4) / H(5) ]

  Setting attribute of root '/': 'lef_library' = /home/install/FOUNDRY/digital/45nm/LIBS/lef/gsclib045.fixed.lef
@file(run.tcl) 3: set_db library slow.lib

Threads Configured:3

  Message Summary for Library slow.lib:
  *************************************
  Missing a function attribute in the output pin definition. [LBR-518]: 1
  Missing library level attribute. [LBR-516]: 1
  *************************************
 
Info    : Created nominal operating condition. [LBR-412]
        : Operating condition '_nominal_' was created for the PVT values (1.000000, 1.080000, 125.000000) in library 'slow.lib'.
        : The nominal operating condition is represented, either by the nominal PVT values specified in the library source (via nom_process,nom_voltage and nom_temperature respectively), or by the default PVT values (1.0,1.0,1.0).
Warning : Libcell has no area attribute.  Defaulting to 0 area. [LBR-43]
        : Assigning 0 area to library cell 'gpdk045bc/ADDFHX2'.
        : Specify a valid area value for the libcell.
Warning : Libcell has no area attribute.  Defaulting to 0 area. [LBR-43]
        : Assigning 0 area to library cell 'gpdk045bc/ADDFHX4'.
Warning : Libcell has no area attribute.  Defaulting to 0 area. [LBR-43]
        : Assigning 0 area to library cell 'gpdk045bc/ADDFHXL'.
Warning : Libcell has no area attribute.  Defaulting to 0 area. [LBR-43]
        : Assigning 0 area to library cell 'gpdk045bc/ADDFXL'.
Warning : Libcell has no area attribute.  Defaulting to 0 area. [LBR-43]
        : Assigning 0 area to library cell 'gpdk045bc/ADDHX2'.
Warning : Libcell has no area attribute.  Defaulting to 0 area. [LBR-43]
        : Assigning 0 area to library cell 'gpdk045bc/ADDHXL'.
Warning : Libcell has no area attribute.  Defaulting to 0 area. [LBR-43]
        : Assigning 0 area to library cell 'gpdk045bc/AND2X4'.
Warning : Libcell has no area attribute.  Defaulting to 0 area. [LBR-43]
        : Assigning 0 area to library cell 'gpdk045bc/AND2X6'.
Warning : Libcell has no area attribute.  Defaulting to 0 area. [LBR-43]
        : Assigning 0 area to library cell 'gpdk045bc/AND2XL'.
Warning : Libcell has no area attribute.  Defaulting to 0 area. [LBR-43]
        : Assigning 0 area to library cell 'gpdk045bc/AND3X1'.
Warning : Libcell has no area attribute.  Defaulting to 0 area. [LBR-43]
        : Assigning 0 area to library cell 'gpdk045bc/AND3X8'.
Warning : Libcell has no area attribute.  Defaulting to 0 area. [LBR-43]
        : Assigning 0 area to library cell 'gpdk045bc/AND3XL'.
Warning : Libcell has no area attribute.  Defaulting to 0 area. [LBR-43]
        : Assigning 0 area to library cell 'gpdk045bc/AND4X1'.
Warning : Libcell has no area attribute.  Defaulting to 0 area. [LBR-43]
        : Assigning 0 area to library cell 'gpdk045bc/AND4X4'.
Warning : Libcell has no area attribute.  Defaulting to 0 area. [LBR-43]
        : Assigning 0 area to library cell 'gpdk045bc/AND4X8'.
Warning : Libcell has no area attribute.  Defaulting to 0 area. [LBR-43]
        : Assigning 0 area to library cell 'gpdk045bc/AND4XL'.
Warning : Libcell has no area attribute.  Defaulting to 0 area. [LBR-43]
        : Assigning 0 area to library cell 'gpdk045bc/AO21X1'.
Warning : Libcell has no area attribute.  Defaulting to 0 area. [LBR-43]
        : Assigning 0 area to library cell 'gpdk045bc/AO21X2'.
Warning : Libcell has no area attribute.  Defaulting to 0 area. [LBR-43]
        : Assigning 0 area to library cell 'gpdk045bc/AO21XL'.
Warning : Libcell has no area attribute.  Defaulting to 0 area. [LBR-43]
        : Assigning 0 area to library cell 'gpdk045bc/AO22X1'.
Warning : Maximum message print count reached. [MESG-11]
        : Maximum print count of '20' reached for message 'LBR-43'.
  Library has 291 usable logic and 126 usable sequential lib-cells.
Warning : Inconsistency detected among the units specified in the timing libraries being used. [LBR-714]
        : Libraries with inconsistent time/capacitance units were loaded.
        : Default system time/capacitance unit will be used.
  Setting attribute of root '/': 'library' = slow.lib
@file(run.tcl) 5: read_hdl {./../../Custom/Custom.srcs/top.v}
Warning : Cannot open file. [VLOGPT-650]
        : File './../../Custom/Custom.srcs/top.v'.
        : The specified file could not be opened.  Check the value of the init_hdl_search_path attribute.
@file(run.tcl) 7: elaborate
UM:   flow.cputime  flow.realtime  timing.setup.tns  timing.setup.wns  snapshot
UM:*                                                                   elaborate
@file(run.tcl) 9: read_sdc ./constraints_top.sdc
#@ End verbose source ./run.tcl
Design not exist for read_sdc
Encountered problems processing file: run.tcl
WARNING: This version of the tool is 1230 days old.
@genus:root: 2> genus -f run.tcl
