============================================================
  Generated by:           Genus(TM) Synthesis Solution 21.14-s082_1
  Generated on:           Nov 05 2025  12:45:21 pm
  Module:                 top
  Technology libraries:   gpdk045bc 
                          physical_cells 
  Operating conditions:   slow 
  Interconnect mode:      global
  Area mode:              physical library
============================================================

                              
   Gate    Instances   Area      Library   
-------------------------------------------
AND2X4             2    6.156    gpdk045bc 
AND2X6             1    3.762    gpdk045bc 
AO21X4             1    3.420    gpdk045bc 
AOI2BB1X4          1    4.104    gpdk045bc 
BUFX6              2    6.156    gpdk045bc 
DFFRHQX4           3   28.728    gpdk045bc 
DFFSHQX4           2   19.152    gpdk045bc 
INVX1              4    2.770    gpdk045bc 
INVX12             2    7.695    gpdk045bc 
INVX16             5   26.248    gpdk045bc 
INVX2              1    1.043    gpdk045bc 
INVX20             2   12.603    gpdk045bc 
INVX3              3    4.181    gpdk045bc 
INVX4              6   10.465    gpdk045bc 
INVX6              3    6.284    gpdk045bc 
INVX8              3    8.388    gpdk045bc 
INVXL              1    0.727    gpdk045bc 
NAND2BX2           1    2.155    gpdk045bc 
NAND2X4            4   13.680    gpdk045bc 
NAND2X6            5   23.940    gpdk045bc 
NAND2X8            9   49.248    gpdk045bc 
NAND3X4            2    9.576    gpdk045bc 
NAND3X6            1    7.182    gpdk045bc 
NOR2X1             1    1.368    gpdk045bc 
NOR2X2             1    2.052    gpdk045bc 
NOR2X4             8   27.360    gpdk045bc 
NOR2X6             3   13.338    gpdk045bc 
NOR2X8             4   21.888    gpdk045bc 
NOR3X4             3   15.390    gpdk045bc 
NOR3X6             3   21.546    gpdk045bc 
NOR3X8             3   26.676    gpdk045bc 
NOR4X6             1    8.208    gpdk045bc 
OAI21X4            2    9.576    gpdk045bc 
OAI21XL            1    1.710    gpdk045bc 
OR2X6              1    4.104    gpdk045bc 
TBUFX1             1    3.420    gpdk045bc 
TBUFX20            7  119.700    gpdk045bc 
TBUFX3             5   22.230    gpdk045bc 
TBUFX4             1    4.788    gpdk045bc 
TBUFX6             2   15.732    gpdk045bc 
-------------------------------------------
total            111  576.749              


                                        
     Type      Instances   Area  Area % 
----------------------------------------
sequential             5  47.880    8.3 
inverter              30  80.404   13.9 
buffer                 2   6.156    1.1 
tristate              16 165.870   28.8 
logic                 58 276.439   47.9 
physical_cells         0   0.000    0.0 
----------------------------------------
total                111 576.749  100.0 

